[debug] [2019-07-01T16:07:26.997Z] ----------------------------------------------------------------------
[debug] [2019-07-01T16:07:27.001Z] Command:       C:\Program Files\nodejs\node.exe C:\Users\Aby\AppData\Roaming\npm\node_modules\firebase-tools\lib\bin\firebase.js init
[debug] [2019-07-01T16:07:27.002Z] CLI Version:   7.0.2
[debug] [2019-07-01T16:07:27.002Z] Platform:      win32
[debug] [2019-07-01T16:07:27.002Z] Node Version:  v11.13.0
[debug] [2019-07-01T16:07:27.045Z] Time:          Mon Jul 01 2019 11:07:27 GMT-0500 (GMT-05:00)
[debug] [2019-07-01T16:07:27.045Z] ----------------------------------------------------------------------
[debug] 
[debug] [2019-07-01T16:07:27.167Z] > command requires scopes: ["email","openid","https://www.googleapis.com/auth/cloudplatformprojects.readonly","https://www.googleapis.com/auth/firebase","https://www.googleapis.com/auth/cloud-platform"]
[debug] [2019-07-01T16:07:27.168Z] > authorizing via signed-in user
[info] 
     ######## #### ########  ######## ########     ###     ######  ########
     ##        ##  ##     ## ##       ##     ##  ##   ##  ##       ##
     ######    ##  ########  ######   ########  #########  ######  ######
     ##        ##  ##    ##  ##       ##     ## ##     ##       ## ##
     ##       #### ##     ## ######## ########  ##     ##  ######  ########

You're about to initialize a Firebase project in this directory:

  C:\Users\Aby

Before we get started, keep in mind:

  * You are initializing in an existing Firebase project directory

